<?xml version="1.0" encoding="UTF-8"?>
<testng-results ignored="0" total="2" passed="2" failed="0" skipped="0">
  <reporter-output>
  </reporter-output>
  <suite started-at="2026-01-25T14:09:02 UTC" name="Default suite" finished-at="2026-01-25T14:09:02 UTC" duration-ms="44">
    <groups>
    </groups>
    <test started-at="2026-01-25T14:09:02 UTC" name="Default test" finished-at="2026-01-25T14:09:02 UTC" duration-ms="44">
      <class name="Test_NG.first_code">
        <test-method signature="login()[pri:1, instance:Test_NG.first_code@4567f35d]" started-at="2026-01-25T14:09:02 UTC" name="login" finished-at="2026-01-25T14:09:02 UTC" duration-ms="8" status="PASS">
          <reporter-output>
          </reporter-output>
        </test-method> <!-- login -->
        <test-method signature="display()[pri:2, instance:Test_NG.first_code@4567f35d]" started-at="2026-01-25T14:09:02 UTC" name="display" finished-at="2026-01-25T14:09:02 UTC" duration-ms="1" status="PASS">
          <reporter-output>
          </reporter-output>
        </test-method> <!-- display -->
      </class> <!-- Test_NG.first_code -->
    </test> <!-- Default test -->
  </suite> <!-- Default suite -->
</testng-results>
