<?xml version="1.0" encoding="UTF-8"?>
<!-- Generated by org.testng.reporters.JUnitXMLReporter -->
<testsuite ignored="0" hostname="ip-172-31-32-23" failures="0" tests="4" name="Test2" time="0.015" errors="0" timestamp="2026-01-21T04:42:11 UTC">
  <testcase classname="Test_NG.NewTest" name="f" time="0.001"/>
  <testcase classname="Test_NG.NewTest" name="f1" time="0.001"/>
  <testcase classname="Test_NG.NewTest" name="f2" time="0.001"/>
  <testcase classname="Test_NG.first_code" name="display" time="0.001"/>
</testsuite> <!-- Test2 -->
