<?xml version="1.0" encoding="UTF-8"?>
<!-- Generated by org.testng.reporters.JUnitXMLReporter -->
<testsuite ignored="0" hostname="ip-172-31-32-23" failures="0" tests="7" name="Test" time="0.055" errors="0" timestamp="2026-01-21T05:16:48 UTC">
  <testcase classname="Parallel_testng.Parallel_1" name="f1" time="0.008"/>
  <testcase classname="Parallel_testng.Parallel_1" name="f2" time="0.002"/>
  <testcase classname="Parallel_testng.Parallel_1" name="f3" time="0.001"/>
  <testcase classname="Parallel_testng.Parallel_2" name="f1" time="0.002"/>
  <testcase classname="Parallel_testng.Parallel_2" name="f2" time="0.001"/>
  <testcase classname="Parallel_testng.Parallel_2" name="f3" time="0.001"/>
  <testcase classname="Parallel_testng.Parallel_2" name="f4" time="0.001"/>
</testsuite> <!-- Test -->
