<?xml version="1.0" encoding="UTF-8"?>
<testng-results ignored="0" total="1" passed="1" failed="0" skipped="0">
  <reporter-output>
  </reporter-output>
  <suite started-at="2026-01-20T09:37:53 UTC" name="Default suite" finished-at="2026-01-20T09:37:53 UTC" duration-ms="32">
    <groups>
    </groups>
    <test started-at="2026-01-20T09:37:53 UTC" name="Default test" finished-at="2026-01-20T09:37:53 UTC" duration-ms="32">
      <class name="practice_programs.user_inputTest">
        <test-method is-config="true" signature="beforeSuite()[pri:0, instance:practice_programs.user_inputTest@3febb011]" started-at="2026-01-20T09:37:53 UTC" name="beforeSuite" finished-at="2026-01-20T09:37:53 UTC" duration-ms="8" status="PASS">
          <reporter-output>
          </reporter-output>
        </test-method> <!-- beforeSuite -->
        <test-method is-config="true" signature="beforeTest()[pri:0, instance:practice_programs.user_inputTest@3febb011]" started-at="2026-01-20T09:37:53 UTC" name="beforeTest" finished-at="2026-01-20T09:37:53 UTC" duration-ms="0" status="PASS">
          <reporter-output>
          </reporter-output>
        </test-method> <!-- beforeTest -->
        <test-method signature="f()[pri:0, instance:practice_programs.user_inputTest@3febb011]" started-at="2026-01-20T09:37:53 UTC" name="f" finished-at="2026-01-20T09:37:53 UTC" duration-ms="6" status="PASS">
          <reporter-output>
          </reporter-output>
        </test-method> <!-- f -->
        <test-method is-config="true" signature="afterTest()[pri:0, instance:practice_programs.user_inputTest@3febb011]" started-at="2026-01-20T09:37:53 UTC" name="afterTest" finished-at="2026-01-20T09:37:53 UTC" duration-ms="1" status="PASS">
          <reporter-output>
          </reporter-output>
        </test-method> <!-- afterTest -->
        <test-method is-config="true" signature="afterSuite()[pri:0, instance:practice_programs.user_inputTest@3febb011]" started-at="2026-01-20T09:37:54 UTC" name="afterSuite" finished-at="2026-01-20T09:37:54 UTC" duration-ms="1" status="PASS">
          <reporter-output>
          </reporter-output>
        </test-method> <!-- afterSuite -->
      </class> <!-- practice_programs.user_inputTest -->
    </test> <!-- Default test -->
  </suite> <!-- Default suite -->
</testng-results>
