<?xml version="1.0" encoding="UTF-8"?>
<!-- Generated by org.testng.reporters.JUnitReportReporter -->
<testsuite hostname="ip-172-31-32-23" failures="0" tests="4" name="Parallel_testng.Parallel_2" time="0.005" errors="0" timestamp="2026-01-21T05:16:48 UTC" skipped="0">
  <testcase classname="Parallel_testng.Parallel_2" name="f4" time="0.001"/>
  <testcase classname="Parallel_testng.Parallel_2" name="f3" time="0.001"/>
  <testcase classname="Parallel_testng.Parallel_2" name="f1" time="0.002"/>
  <testcase classname="Parallel_testng.Parallel_2" name="f2" time="0.001"/>
</testsuite> <!-- Parallel_testng.Parallel_2 -->
