<?xml version="1.0" encoding="UTF-8"?>
<!-- Generated by org.testng.reporters.JUnitReportReporter -->
<testsuite hostname="ip-172-31-32-23" failures="0" tests="9" name="Test_NG.NewTest" time="0.021" errors="0" timestamp="2026-01-21T04:42:11 UTC" skipped="0">
  <testcase classname="Test_NG.NewTest" name="f2" time="0.002"/>
  <testcase classname="Test_NG.NewTest" name="f1" time="0.002"/>
  <testcase classname="Test_NG.NewTest" name="f1" time="0.001"/>
  <testcase classname="Test_NG.NewTest" name="f" time="0.003"/>
  <testcase classname="Test_NG.NewTest" name="f1" time="0.001"/>
  <testcase classname="Test_NG.NewTest" name="f" time="0.003"/>
  <testcase classname="Test_NG.NewTest" name="f" time="0.006"/>
  <testcase classname="Test_NG.NewTest" name="f2" time="0.002"/>
  <testcase classname="Test_NG.NewTest" name="f2" time="0.001"/>
</testsuite> <!-- Test_NG.NewTest -->
