<?xml version="1.0" encoding="UTF-8"?>
<testng-results ignored="0" total="1" passed="1" failed="0" skipped="0">
  <reporter-output>
  </reporter-output>
  <suite started-at="2026-01-29T06:44:42 UTC" name="Default suite" finished-at="2026-01-29T06:44:45 UTC" duration-ms="3377">
    <groups>
    </groups>
    <test started-at="2026-01-29T06:44:42 UTC" name="Default test" finished-at="2026-01-29T06:44:45 UTC" duration-ms="3377">
      <class name="ExtentReports.Demo">
        <test-method is-config="true" signature="starttest()[pri:0, instance:ExtentReports.Demo@229f66ed]" started-at="2026-01-29T06:44:42 UTC" name="starttest" finished-at="2026-01-29T06:44:42 UTC" duration-ms="82" status="PASS">
          <reporter-output>
          </reporter-output>
        </test-method> <!-- starttest -->
        <test-method signature="extenttest()[pri:0, instance:ExtentReports.Demo@229f66ed]" started-at="2026-01-29T06:44:42 UTC" name="extenttest" finished-at="2026-01-29T06:44:45 UTC" duration-ms="3044" status="PASS">
          <reporter-output>
          </reporter-output>
        </test-method> <!-- extenttest -->
        <test-method is-config="true" signature="teardown()[pri:0, instance:ExtentReports.Demo@229f66ed]" started-at="2026-01-29T06:44:45 UTC" name="teardown" finished-at="2026-01-29T06:44:45 UTC" duration-ms="222" status="PASS">
          <reporter-output>
          </reporter-output>
        </test-method> <!-- teardown -->
      </class> <!-- ExtentReports.Demo -->
    </test> <!-- Default test -->
  </suite> <!-- Default suite -->
</testng-results>
